2023-08-18 12:55:30.8324||INFO|Microsoft.AspNetCore.DataProtection.KeyManagement.XmlKeyManager|User profile is available. Using 'C:\Users\tenzi\AppData\Local\ASP.NET\DataProtection-Keys' as key repository and Windows DPAPI to encrypt keys at rest. 
2023-08-18 12:55:30.9082||INFO|Microsoft.Hosting.Lifetime|Now listening on: https://localhost:5000 
2023-08-18 12:55:30.9082||INFO|Microsoft.Hosting.Lifetime|Application started. Press Ctrl+C to shut down. 
2023-08-18 12:55:30.9082||INFO|Microsoft.Hosting.Lifetime|Hosting environment: Development 
2023-08-18 12:55:30.9082||INFO|Microsoft.Hosting.Lifetime|Content root path: C:\Users\tenzi\source\repos\SportsStore\SportsStore.Web\ 
2023-08-18 12:55:31.1394||INFO|Microsoft.AspNetCore.Hosting.Diagnostics|Request starting HTTP/2 GET https://localhost:5000/ - - 
2023-08-18 12:55:31.1585||INFO|Microsoft.AspNetCore.Routing.EndpointMiddleware|Executing endpoint 'SportsStore.Controllers.HomeController.Index (SportsStore.Web)' 
2023-08-18 12:55:31.1730||INFO|Microsoft.AspNetCore.Mvc.Infrastructure.ControllerActionInvoker|Route matched with {action = "Index", controller = "Home"}. Executing controller action with signature Microsoft.AspNetCore.Mvc.IActionResult Index() on controller SportsStore.Controllers.HomeController (SportsStore.Web). 
2023-08-18 12:55:31.1730||INFO|Microsoft.AspNetCore.Mvc.ViewFeatures.ViewResultExecutor|Executing ViewResult, running view Index. 
2023-08-18 12:55:31.2294||INFO|Microsoft.AspNetCore.Mvc.ViewFeatures.ViewResultExecutor|Executed ViewResult - view Index executed in 50.5819ms. 
2023-08-18 12:55:31.2294||INFO|Microsoft.AspNetCore.Mvc.Infrastructure.ControllerActionInvoker|Executed action SportsStore.Controllers.HomeController.Index (SportsStore.Web) in 58.2847ms 
2023-08-18 12:55:31.2294||INFO|Microsoft.AspNetCore.Routing.EndpointMiddleware|Executed endpoint 'SportsStore.Controllers.HomeController.Index (SportsStore.Web)' 
2023-08-18 12:55:31.2404||INFO|Microsoft.AspNetCore.Hosting.Diagnostics|Request starting HTTP/2 GET https://localhost:5000/_vs/browserLink - - 
2023-08-18 12:55:31.2404||INFO|Microsoft.AspNetCore.Hosting.Diagnostics|Request starting HTTP/2 GET https://localhost:5000/_framework/aspnetcore-browser-refresh.js - - 
2023-08-18 12:55:31.2404||INFO|Microsoft.AspNetCore.Hosting.Diagnostics|Request finished HTTP/2 GET https://localhost:5000/ - - - 200 - text/html;+charset=utf-8 102.2139ms 
2023-08-18 12:55:31.2404||INFO|Microsoft.AspNetCore.Hosting.Diagnostics|Request finished HTTP/2 GET https://localhost:5000/_framework/aspnetcore-browser-refresh.js - - - 200 12362 application/javascript;+charset=utf-8 1.5778ms 
2023-08-18 12:55:31.2404||INFO|Microsoft.AspNetCore.Hosting.Diagnostics|Request finished HTTP/2 GET https://localhost:5000/_vs/browserLink - - - 200 - text/javascript;+charset=UTF-8 5.3458ms 
2023-08-18 12:57:16.9066||INFO|Microsoft.AspNetCore.Hosting.Diagnostics|Request starting HTTP/2 GET https://localhost:5000/ - - 
2023-08-18 12:57:16.9066||INFO|Microsoft.AspNetCore.Routing.EndpointMiddleware|Executing endpoint 'SportsStore.Controllers.HomeController.Index (SportsStore.Web)' 
2023-08-18 12:57:16.9066||INFO|Microsoft.AspNetCore.Mvc.Infrastructure.ControllerActionInvoker|Route matched with {action = "Index", controller = "Home"}. Executing controller action with signature Microsoft.AspNetCore.Mvc.IActionResult Index() on controller SportsStore.Controllers.HomeController (SportsStore.Web). 
2023-08-18 12:57:16.9083||INFO|Microsoft.AspNetCore.Mvc.ViewFeatures.ViewResultExecutor|Executing ViewResult, running view Index. 
2023-08-18 12:57:16.9083||INFO|Microsoft.AspNetCore.Mvc.ViewFeatures.ViewResultExecutor|Executed ViewResult - view Index executed in 4.2503ms. 
2023-08-18 12:57:16.9083||INFO|Microsoft.AspNetCore.Mvc.Infrastructure.ControllerActionInvoker|Executed action SportsStore.Controllers.HomeController.Index (SportsStore.Web) in 4.5933ms 
2023-08-18 12:57:16.9083||INFO|Microsoft.AspNetCore.Routing.EndpointMiddleware|Executed endpoint 'SportsStore.Controllers.HomeController.Index (SportsStore.Web)' 
2023-08-18 12:57:16.9083||INFO|Microsoft.AspNetCore.Hosting.Diagnostics|Request finished HTTP/2 GET https://localhost:5000/ - - - 200 - text/html;+charset=utf-8 5.7559ms 
2023-08-18 12:57:16.9083||INFO|Microsoft.AspNetCore.Hosting.Diagnostics|Request starting HTTP/2 GET https://localhost:5000/_vs/browserLink - - 
2023-08-18 12:57:16.9083||INFO|Microsoft.AspNetCore.Hosting.Diagnostics|Request starting HTTP/2 GET https://localhost:5000/_framework/aspnetcore-browser-refresh.js - - 
2023-08-18 12:57:16.9083||INFO|Microsoft.AspNetCore.Hosting.Diagnostics|Request finished HTTP/2 GET https://localhost:5000/_framework/aspnetcore-browser-refresh.js - - - 200 12362 application/javascript;+charset=utf-8 0.2347ms 
2023-08-18 12:57:16.9083||INFO|Microsoft.AspNetCore.Hosting.Diagnostics|Request finished HTTP/2 GET https://localhost:5000/_vs/browserLink - - - 200 - text/javascript;+charset=UTF-8 1.8328ms 
2023-08-18 12:57:34.1095||INFO|Microsoft.AspNetCore.Hosting.Diagnostics|Request starting HTTP/2 GET https://localhost:5000/ - - 
2023-08-18 12:57:34.1095||INFO|Microsoft.AspNetCore.Routing.EndpointMiddleware|Executing endpoint 'SportsStore.Controllers.HomeController.Index (SportsStore.Web)' 
2023-08-18 12:57:34.1095||INFO|Microsoft.AspNetCore.Mvc.Infrastructure.ControllerActionInvoker|Route matched with {action = "Index", controller = "Home"}. Executing controller action with signature Microsoft.AspNetCore.Mvc.IActionResult Index() on controller SportsStore.Controllers.HomeController (SportsStore.Web). 
2023-08-18 12:57:34.1095||INFO|Microsoft.AspNetCore.Mvc.ViewFeatures.ViewResultExecutor|Executing ViewResult, running view Index. 
2023-08-18 12:57:34.1119||INFO|Microsoft.AspNetCore.Mvc.ViewFeatures.ViewResultExecutor|Executed ViewResult - view Index executed in 1.4084ms. 
2023-08-18 12:57:34.1119||INFO|Microsoft.AspNetCore.Mvc.Infrastructure.ControllerActionInvoker|Executed action SportsStore.Controllers.HomeController.Index (SportsStore.Web) in 1.6529ms 
2023-08-18 12:57:34.1119||INFO|Microsoft.AspNetCore.Routing.EndpointMiddleware|Executed endpoint 'SportsStore.Controllers.HomeController.Index (SportsStore.Web)' 
2023-08-18 12:57:34.1119||INFO|Microsoft.AspNetCore.Hosting.Diagnostics|Request finished HTTP/2 GET https://localhost:5000/ - - - 200 - text/html;+charset=utf-8 2.9126ms 
2023-08-18 12:57:34.1119||INFO|Microsoft.AspNetCore.Hosting.Diagnostics|Request starting HTTP/2 GET https://localhost:5000/_vs/browserLink - - 
2023-08-18 12:57:34.1119||INFO|Microsoft.AspNetCore.Hosting.Diagnostics|Request starting HTTP/2 GET https://localhost:5000/_framework/aspnetcore-browser-refresh.js - - 
2023-08-18 12:57:34.1119||INFO|Microsoft.AspNetCore.Hosting.Diagnostics|Request finished HTTP/2 GET https://localhost:5000/_framework/aspnetcore-browser-refresh.js - - - 200 12362 application/javascript;+charset=utf-8 0.1871ms 
2023-08-18 12:57:34.1119||INFO|Microsoft.AspNetCore.Hosting.Diagnostics|Request finished HTTP/2 GET https://localhost:5000/_vs/browserLink - - - 200 - text/javascript;+charset=UTF-8 1.7129ms 
2023-08-18 12:57:36.3258||INFO|Microsoft.AspNetCore.Hosting.Diagnostics|Request starting HTTP/2 GET https://localhost:5000/ - - 
2023-08-18 12:57:36.3258||INFO|Microsoft.AspNetCore.Routing.EndpointMiddleware|Executing endpoint 'SportsStore.Controllers.HomeController.Index (SportsStore.Web)' 
2023-08-18 12:57:36.3258||INFO|Microsoft.AspNetCore.Mvc.Infrastructure.ControllerActionInvoker|Route matched with {action = "Index", controller = "Home"}. Executing controller action with signature Microsoft.AspNetCore.Mvc.IActionResult Index() on controller SportsStore.Controllers.HomeController (SportsStore.Web). 
2023-08-18 12:57:36.3354||INFO|Microsoft.AspNetCore.Mvc.ViewFeatures.ViewResultExecutor|Executing ViewResult, running view Index. 
2023-08-18 12:57:36.3354||INFO|Microsoft.AspNetCore.Mvc.ViewFeatures.ViewResultExecutor|Executed ViewResult - view Index executed in 1.4194ms. 
2023-08-18 12:57:36.3354||INFO|Microsoft.AspNetCore.Mvc.Infrastructure.ControllerActionInvoker|Executed action SportsStore.Controllers.HomeController.Index (SportsStore.Web) in 10.2275ms 
2023-08-18 12:57:36.3354||INFO|Microsoft.AspNetCore.Routing.EndpointMiddleware|Executed endpoint 'SportsStore.Controllers.HomeController.Index (SportsStore.Web)' 
2023-08-18 12:57:36.3354||INFO|Microsoft.AspNetCore.Hosting.Diagnostics|Request finished HTTP/2 GET https://localhost:5000/ - - - 200 - text/html;+charset=utf-8 11.4042ms 
2023-08-18 12:57:36.3354||INFO|Microsoft.AspNetCore.Hosting.Diagnostics|Request starting HTTP/2 GET https://localhost:5000/_framework/aspnetcore-browser-refresh.js - - 
2023-08-18 12:57:36.3354||INFO|Microsoft.AspNetCore.Hosting.Diagnostics|Request starting HTTP/2 GET https://localhost:5000/_vs/browserLink - - 
2023-08-18 12:57:36.3354||INFO|Microsoft.AspNetCore.Hosting.Diagnostics|Request finished HTTP/2 GET https://localhost:5000/_framework/aspnetcore-browser-refresh.js - - - 200 12362 application/javascript;+charset=utf-8 0.1742ms 
2023-08-18 12:57:36.3354||INFO|Microsoft.AspNetCore.Hosting.Diagnostics|Request finished HTTP/2 GET https://localhost:5000/_vs/browserLink - - - 200 - text/javascript;+charset=UTF-8 1.5998ms 
2023-08-18 13:03:09.1774||INFO|Microsoft.AspNetCore.DataProtection.KeyManagement.XmlKeyManager|User profile is available. Using 'C:\Users\tenzi\AppData\Local\ASP.NET\DataProtection-Keys' as key repository and Windows DPAPI to encrypt keys at rest. 
2023-08-18 13:03:09.2506||INFO|Microsoft.Hosting.Lifetime|Now listening on: https://localhost:5000 
2023-08-18 13:03:09.2514||INFO|Microsoft.Hosting.Lifetime|Application started. Press Ctrl+C to shut down. 
2023-08-18 13:03:09.2514||INFO|Microsoft.Hosting.Lifetime|Hosting environment: Development 
2023-08-18 13:03:09.2514||INFO|Microsoft.Hosting.Lifetime|Content root path: C:\Users\tenzi\source\repos\SportsStore\SportsStore.Web\ 
2023-08-18 13:03:09.4336||INFO|Microsoft.AspNetCore.Hosting.Diagnostics|Request starting HTTP/2 GET https://localhost:5000/ - - 
2023-08-18 13:03:09.4520||INFO|Microsoft.AspNetCore.Routing.EndpointMiddleware|Executing endpoint 'SportsStore.Controllers.HomeController.Index (SportsStore.Web)' 
2023-08-18 13:03:09.4660||INFO|Microsoft.AspNetCore.Mvc.Infrastructure.ControllerActionInvoker|Route matched with {action = "Index", controller = "Home"}. Executing controller action with signature Microsoft.AspNetCore.Mvc.IActionResult Index() on controller SportsStore.Controllers.HomeController (SportsStore.Web). 
2023-08-18 13:03:10.3989||INFO|Microsoft.EntityFrameworkCore.Database.Command|Executed DbCommand (14ms) [Parameters=[], CommandType='Text', CommandTimeout='30']
SELECT [p].[Id], [p].[Category], [p].[CreatedDate], [p].[Description], [p].[ModifiedDate], [p].[Name], [p].[Price]
FROM [Products] AS [p] 
2023-08-18 13:03:10.4471||INFO|Microsoft.AspNetCore.Mvc.ViewFeatures.ViewResultExecutor|Executing ViewResult, running view Index. 
2023-08-18 13:03:10.4914||INFO|Microsoft.AspNetCore.Mvc.ViewFeatures.ViewResultExecutor|Executed ViewResult - view Index executed in 45.2462ms. 
2023-08-18 13:03:10.4914||INFO|Microsoft.AspNetCore.Mvc.Infrastructure.ControllerActionInvoker|Executed action SportsStore.Controllers.HomeController.Index (SportsStore.Web) in 1026.5102ms 
2023-08-18 13:03:10.4914||INFO|Microsoft.AspNetCore.Routing.EndpointMiddleware|Executed endpoint 'SportsStore.Controllers.HomeController.Index (SportsStore.Web)' 
2023-08-18 13:03:10.4914||INFO|Microsoft.AspNetCore.Hosting.Diagnostics|Request starting HTTP/2 GET https://localhost:5000/_framework/aspnetcore-browser-refresh.js - - 
2023-08-18 13:03:10.4914||INFO|Microsoft.AspNetCore.Hosting.Diagnostics|Request starting HTTP/2 GET https://localhost:5000/_vs/browserLink - - 
2023-08-18 13:03:10.5025||INFO|Microsoft.AspNetCore.Hosting.Diagnostics|Request finished HTTP/2 GET https://localhost:5000/_framework/aspnetcore-browser-refresh.js - - - 200 12362 application/javascript;+charset=utf-8 1.4297ms 
2023-08-18 13:03:10.5025||INFO|Microsoft.AspNetCore.Hosting.Diagnostics|Request finished HTTP/2 GET https://localhost:5000/ - - - 200 - text/html;+charset=utf-8 1072.0536ms 
2023-08-18 13:03:10.5025||INFO|Microsoft.AspNetCore.Hosting.Diagnostics|Request finished HTTP/2 GET https://localhost:5000/_vs/browserLink - - - 200 - text/javascript;+charset=UTF-8 5.3805ms 
2023-08-18 13:03:22.7642||INFO|Microsoft.AspNetCore.DataProtection.KeyManagement.XmlKeyManager|User profile is available. Using 'C:\Users\tenzi\AppData\Local\ASP.NET\DataProtection-Keys' as key repository and Windows DPAPI to encrypt keys at rest. 
2023-08-18 13:03:22.8967||INFO|Microsoft.Hosting.Lifetime|Now listening on: https://localhost:5000 
2023-08-18 13:03:22.8967||INFO|Microsoft.Hosting.Lifetime|Application started. Press Ctrl+C to shut down. 
2023-08-18 13:03:22.8967||INFO|Microsoft.Hosting.Lifetime|Hosting environment: Development 
2023-08-18 13:03:22.8967||INFO|Microsoft.Hosting.Lifetime|Content root path: C:\Users\tenzi\source\repos\SportsStore\SportsStore.Web\ 
2023-08-18 13:03:23.3178||INFO|Microsoft.AspNetCore.Hosting.Diagnostics|Request starting HTTP/2 GET https://localhost:5000/ - - 
2023-08-18 13:03:23.3598||INFO|Microsoft.AspNetCore.Routing.EndpointMiddleware|Executing endpoint 'SportsStore.Controllers.HomeController.Index (SportsStore.Web)' 
2023-08-18 13:03:23.3867||INFO|Microsoft.AspNetCore.Mvc.Infrastructure.ControllerActionInvoker|Route matched with {action = "Index", controller = "Home"}. Executing controller action with signature Microsoft.AspNetCore.Mvc.IActionResult Index() on controller SportsStore.Controllers.HomeController (SportsStore.Web). 
2023-08-18 13:03:24.6275||INFO|Microsoft.EntityFrameworkCore.Database.Command|Executed DbCommand (30ms) [Parameters=[], CommandType='Text', CommandTimeout='30']
SELECT [p].[Id], [p].[Category], [p].[CreatedDate], [p].[Description], [p].[ModifiedDate], [p].[Name], [p].[Price]
FROM [Products] AS [p] 
