2023-08-18 12:08:42.0506|DEBUG|Microsoft.AspNetCore.Mvc.Razor.Compilation.DefaultViewCompiler|Initializing Razor view compiler with compiled view: '/Views/Home/Index.cshtml'.
2023-08-18 12:08:42.0758|DEBUG|Microsoft.AspNetCore.Mvc.Razor.Compilation.DefaultViewCompiler|Initializing Razor view compiler with compiled view: '/Views/Home/Privacy.cshtml'.
2023-08-18 12:08:42.0758|DEBUG|Microsoft.AspNetCore.Mvc.Razor.Compilation.DefaultViewCompiler|Initializing Razor view compiler with compiled view: '/Views/Shared/Error.cshtml'.
2023-08-18 12:08:42.0758|DEBUG|Microsoft.AspNetCore.Mvc.Razor.Compilation.DefaultViewCompiler|Initializing Razor view compiler with compiled view: '/Views/Shared/_ValidationScriptsPartial.cshtml'.
2023-08-18 12:08:42.0758|DEBUG|Microsoft.AspNetCore.Mvc.Razor.Compilation.DefaultViewCompiler|Initializing Razor view compiler with compiled view: '/Views/_ViewImports.cshtml'.
2023-08-18 12:08:42.0758|DEBUG|Microsoft.AspNetCore.Mvc.Razor.Compilation.DefaultViewCompiler|Initializing Razor view compiler with compiled view: '/Views/_ViewStart.cshtml'.
2023-08-18 12:08:42.0758|DEBUG|Microsoft.AspNetCore.Mvc.Razor.Compilation.DefaultViewCompiler|Initializing Razor view compiler with compiled view: '/Views/Shared/_Layout.cshtml'.
2023-08-18 12:08:42.0836|DEBUG|Microsoft.AspNetCore.Mvc.ModelBinding.ModelBinderFactory|Registered model binder providers, in the following order: Microsoft.AspNetCore.Mvc.ModelBinding.Binders.BinderTypeModelBinderProvider, Microsoft.AspNetCore.Mvc.ModelBinding.Binders.ServicesModelBinderProvider, Microsoft.AspNetCore.Mvc.ModelBinding.Binders.BodyModelBinderProvider, Microsoft.AspNetCore.Mvc.ModelBinding.Binders.HeaderModelBinderProvider, Microsoft.AspNetCore.Mvc.ModelBinding.Binders.FloatingPointTypeModelBinderProvider, Microsoft.AspNetCore.Mvc.ModelBinding.Binders.EnumTypeModelBinderProvider, Microsoft.AspNetCore.Mvc.ModelBinding.Binders.DateTimeModelBinderProvider, Microsoft.AspNetCore.Mvc.ModelBinding.Binders.SimpleTypeModelBinderProvider, Microsoft.AspNetCore.Mvc.ModelBinding.Binders.CancellationTokenModelBinderProvider, Microsoft.AspNetCore.Mvc.ModelBinding.Binders.ByteArrayModelBinderProvider, Microsoft.AspNetCore.Mvc.ModelBinding.Binders.FormFileModelBinderProvider, Microsoft.AspNetCore.Mvc.ModelBinding.Binders.FormCollectionModelBinderProvider, Microsoft.AspNetCore.Mvc.ModelBinding.Binders.KeyValuePairModelBinderProvider, Microsoft.AspNetCore.Mvc.ModelBinding.Binders.DictionaryModelBinderProvider, Microsoft.AspNetCore.Mvc.ModelBinding.Binders.ArrayModelBinderProvider, Microsoft.AspNetCore.Mvc.ModelBinding.Binders.CollectionModelBinderProvider, Microsoft.AspNetCore.Mvc.ModelBinding.Binders.ComplexObjectModelBinderProvider
2023-08-18 12:08:42.1073|DEBUG|Microsoft.Extensions.Hosting.Internal.Host|Hosting starting
2023-08-18 12:08:42.1170|INFO|Microsoft.AspNetCore.DataProtection.KeyManagement.XmlKeyManager|User profile is available. Using 'C:\Users\tenzi\AppData\Local\ASP.NET\DataProtection-Keys' as key repository and Windows DPAPI to encrypt keys at rest.
2023-08-18 12:08:42.1170|DEBUG|Microsoft.AspNetCore.DataProtection.Repositories.FileSystemXmlRepository|Reading data from file 'C:\Users\tenzi\AppData\Local\ASP.NET\DataProtection-Keys\key-50bdac36-28f8-4a61-b293-808f7b593291.xml'.
2023-08-18 12:08:42.1170|DEBUG|Microsoft.AspNetCore.DataProtection.Repositories.FileSystemXmlRepository|Reading data from file 'C:\Users\tenzi\AppData\Local\ASP.NET\DataProtection-Keys\key-d6fa5a8b-b2fd-4b5a-9a0d-6bb3ce48c04a.xml'.
2023-08-18 12:08:42.1170|DEBUG|Microsoft.AspNetCore.DataProtection.Repositories.FileSystemXmlRepository|Reading data from file 'C:\Users\tenzi\AppData\Local\ASP.NET\DataProtection-Keys\key-f0129498-7328-4137-9df2-5209697ef628.xml'.
2023-08-18 12:08:42.1170|DEBUG|Microsoft.AspNetCore.DataProtection.KeyManagement.XmlKeyManager|Found key {50bdac36-28f8-4a61-b293-808f7b593291}.
2023-08-18 12:08:42.1170|DEBUG|Microsoft.AspNetCore.DataProtection.KeyManagement.XmlKeyManager|Found key {d6fa5a8b-b2fd-4b5a-9a0d-6bb3ce48c04a}.
2023-08-18 12:08:42.1170|DEBUG|Microsoft.AspNetCore.DataProtection.KeyManagement.XmlKeyManager|Found key {f0129498-7328-4137-9df2-5209697ef628}.
2023-08-18 12:08:42.1284|DEBUG|Microsoft.AspNetCore.DataProtection.KeyManagement.DefaultKeyResolver|Considering key {f0129498-7328-4137-9df2-5209697ef628} with expiration date 2023-10-20 18:42:43Z as default key.
2023-08-18 12:08:42.1284|DEBUG|Microsoft.AspNetCore.DataProtection.TypeForwardingActivator|Forwarded activator type request from Microsoft.AspNetCore.DataProtection.XmlEncryption.DpapiXmlDecryptor, Microsoft.AspNetCore.DataProtection, Version=6.0.0.0, Culture=neutral, PublicKeyToken=adb9793829ddae60 to Microsoft.AspNetCore.DataProtection.XmlEncryption.DpapiXmlDecryptor, Microsoft.AspNetCore.DataProtection, Culture=neutral, PublicKeyToken=adb9793829ddae60
2023-08-18 12:08:42.1284|DEBUG|Microsoft.AspNetCore.DataProtection.XmlEncryption.DpapiXmlDecryptor|Decrypting secret element using Windows DPAPI.
2023-08-18 12:08:42.1284|DEBUG|Microsoft.AspNetCore.DataProtection.TypeForwardingActivator|Forwarded activator type request from Microsoft.AspNetCore.DataProtection.AuthenticatedEncryption.ConfigurationModel.AuthenticatedEncryptorDescriptorDeserializer, Microsoft.AspNetCore.DataProtection, Version=6.0.0.0, Culture=neutral, PublicKeyToken=adb9793829ddae60 to Microsoft.AspNetCore.DataProtection.AuthenticatedEncryption.ConfigurationModel.AuthenticatedEncryptorDescriptorDeserializer, Microsoft.AspNetCore.DataProtection, Culture=neutral, PublicKeyToken=adb9793829ddae60
2023-08-18 12:08:42.1284|DEBUG|Microsoft.AspNetCore.DataProtection.AuthenticatedEncryption.CngCbcAuthenticatedEncryptorFactory|Opening CNG algorithm 'AES' from provider '(null)' with chaining mode CBC.
2023-08-18 12:08:42.1284|DEBUG|Microsoft.AspNetCore.DataProtection.AuthenticatedEncryption.CngCbcAuthenticatedEncryptorFactory|Opening CNG algorithm 'SHA256' from provider '(null)' with HMAC.
2023-08-18 12:08:42.1284|DEBUG|Microsoft.AspNetCore.DataProtection.KeyManagement.KeyRingProvider|Using key {f0129498-7328-4137-9df2-5209697ef628} as the default key.
2023-08-18 12:08:42.1284|DEBUG|Microsoft.AspNetCore.DataProtection.Internal.DataProtectionHostedService|Key ring with default key {f0129498-7328-4137-9df2-5209697ef628} was loaded during application startup.
2023-08-18 12:08:42.1693|DEBUG|Microsoft.AspNetCore.Server.Kestrel.Core.KestrelServer|Using development certificate: CN=localhost (Thumbprint: C0942E33C8ACE4899FB8247258DED4B8F3449FB0)
2023-08-18 12:08:42.1868|INFO|Microsoft.Hosting.Lifetime|Now listening on: https://localhost:5000
2023-08-18 12:08:42.1868|DEBUG|Microsoft.AspNetCore.Hosting.Diagnostics|Loaded hosting startup assembly SportsStore.Web
2023-08-18 12:08:42.1868|DEBUG|Microsoft.AspNetCore.Hosting.Diagnostics|Loaded hosting startup assembly Microsoft.AspNetCore.Watch.BrowserRefresh
2023-08-18 12:08:42.1868|DEBUG|Microsoft.AspNetCore.Hosting.Diagnostics|Loaded hosting startup assembly Microsoft.WebTools.BrowserLink.Net
2023-08-18 12:08:42.1868|INFO|Microsoft.Hosting.Lifetime|Application started. Press Ctrl+C to shut down.
2023-08-18 12:08:42.1868|INFO|Microsoft.Hosting.Lifetime|Hosting environment: Development
2023-08-18 12:08:42.1868|INFO|Microsoft.Hosting.Lifetime|Content root path: C:\Users\tenzi\source\repos\SportsStore\SportsStore.Web\
2023-08-18 12:08:42.1868|DEBUG|Microsoft.Extensions.Hosting.Internal.Host|Hosting started
2023-08-18 12:08:42.5195|DEBUG|Microsoft.AspNetCore.Server.Kestrel.Connections|Connection id "0HMT02OK180V7" accepted.
2023-08-18 12:08:42.5195|DEBUG|Microsoft.AspNetCore.Server.Kestrel.Connections|Connection id "0HMT02OK180V6" accepted.
2023-08-18 12:08:42.5195|DEBUG|Microsoft.AspNetCore.Server.Kestrel.Connections|Connection id "0HMT02OK180V6" started.
2023-08-18 12:08:42.5195|DEBUG|Microsoft.AspNetCore.Server.Kestrel.Connections|Connection id "0HMT02OK180V7" started.
2023-08-18 12:08:42.5343|DEBUG|Microsoft.AspNetCore.Server.Kestrel.Transport.Sockets|Connection id "0HMT02OK180V6" received FIN.
2023-08-18 12:08:42.5343|DEBUG|Microsoft.AspNetCore.Server.Kestrel.Transport.Sockets|Connection id "0HMT02OK180V7" received FIN.
2023-08-18 12:08:42.5343|DEBUG|Microsoft.AspNetCore.Server.Kestrel.Https.Internal.HttpsConnectionMiddleware|Failed to authenticate HTTPS connection.|System.IO.IOException:  Received an unexpected EOF or 0 bytes from the transport stream.
   at System.Net.Security.SslStream.<FillHandshakeBufferAsync>g__InternalFillHandshakeBufferAsync|189_0[TIOAdapter](TIOAdapter adap, ValueTask`1 task, Int32 minSize)
   at System.Net.Security.SslStream.ReceiveBlobAsync[TIOAdapter](TIOAdapter adapter)
   at System.Net.Security.SslStream.ForceAuthenticationAsync[TIOAdapter](TIOAdapter adapter, Boolean receiveFirst, Byte[] reAuthenticationData, Boolean isApm)
   at Microsoft.AspNetCore.Server.Kestrel.Https.Internal.HttpsConnectionMiddleware.OnConnectionAsync(ConnectionContext context)
2023-08-18 12:08:42.5343|DEBUG|Microsoft.AspNetCore.Server.Kestrel.Https.Internal.HttpsConnectionMiddleware|Failed to authenticate HTTPS connection.|System.IO.IOException:  Received an unexpected EOF or 0 bytes from the transport stream.
   at System.Net.Security.SslStream.<FillHandshakeBufferAsync>g__InternalFillHandshakeBufferAsync|189_0[TIOAdapter](TIOAdapter adap, ValueTask`1 task, Int32 minSize)
   at System.Net.Security.SslStream.ReceiveBlobAsync[TIOAdapter](TIOAdapter adapter)
   at System.Net.Security.SslStream.ForceAuthenticationAsync[TIOAdapter](TIOAdapter adapter, Boolean receiveFirst, Byte[] reAuthenticationData, Boolean isApm)
   at Microsoft.AspNetCore.Server.Kestrel.Https.Internal.HttpsConnectionMiddleware.OnConnectionAsync(ConnectionContext context)
2023-08-18 12:08:42.5505|DEBUG|Microsoft.AspNetCore.Server.Kestrel.Connections|Connection id "0HMT02OK180V8" accepted.
2023-08-18 12:08:42.6195|DEBUG|Microsoft.AspNetCore.Server.Kestrel.Connections|Connection id "0HMT02OK180V8" started.
2023-08-18 12:08:42.6195|DEBUG|Microsoft.AspNetCore.Server.Kestrel.Connections|Connection id "0HMT02OK180V7" stopped.
2023-08-18 12:08:42.6195|DEBUG|Microsoft.AspNetCore.Server.Kestrel.Connections|Connection id "0HMT02OK180V6" stopped.
2023-08-18 12:08:42.6195|DEBUG|Microsoft.AspNetCore.Server.Kestrel.Transport.Sockets|Connection id "0HMT02OK180V6" sending FIN because: "The Socket transport's send loop completed gracefully."
2023-08-18 12:08:42.6195|DEBUG|Microsoft.AspNetCore.Server.Kestrel.Transport.Sockets|Connection id "0HMT02OK180V7" sending FIN because: "The Socket transport's send loop completed gracefully."
2023-08-18 12:08:42.6376|DEBUG|Microsoft.AspNetCore.Server.Kestrel.Https.Internal.HttpsConnectionMiddleware|Connection 0HMT02OK180V8 established using the following protocol: Tls13
2023-08-18 12:08:42.6591|INFO|Microsoft.AspNetCore.Hosting.Diagnostics|Request starting HTTP/2 GET https://localhost:5000/ - -
2023-08-18 12:08:42.6773|DEBUG|Microsoft.AspNetCore.HostFiltering.HostFilteringMiddleware|Wildcard detected, all requests with hosts will be allowed.
2023-08-18 12:08:42.6773|DEBUG|Microsoft.AspNetCore.StaticFiles.StaticFileMiddleware|The request path / does not match a supported file type
2023-08-18 12:08:42.6773|DEBUG|Microsoft.AspNetCore.Routing.Matching.DfaMatcher|1 candidate(s) found for the request path '/'
2023-08-18 12:08:42.6773|DEBUG|Microsoft.AspNetCore.Routing.Matching.DfaMatcher|Endpoint 'SportsStore.Controllers.HomeController.Index (SportsStore.Web)' with route pattern '{controller=Home}/{action=Index}/{id?}' is valid for the request path '/'
2023-08-18 12:08:42.6773|DEBUG|Microsoft.AspNetCore.Routing.EndpointRoutingMiddleware|Request matched endpoint 'SportsStore.Controllers.HomeController.Index (SportsStore.Web)'
2023-08-18 12:08:42.6773|INFO|Microsoft.AspNetCore.Routing.EndpointMiddleware|Executing endpoint 'SportsStore.Controllers.HomeController.Index (SportsStore.Web)'
2023-08-18 12:08:42.7030|INFO|Microsoft.AspNetCore.Mvc.Infrastructure.ControllerActionInvoker|Route matched with {action = "Index", controller = "Home"}. Executing controller action with signature Microsoft.AspNetCore.Mvc.IActionResult Index() on controller SportsStore.Controllers.HomeController (SportsStore.Web).
2023-08-18 12:08:42.7030|DEBUG|Microsoft.AspNetCore.Mvc.Infrastructure.ControllerActionInvoker|Execution plan of authorization filters (in the following order): None
2023-08-18 12:08:42.7030|DEBUG|Microsoft.AspNetCore.Mvc.Infrastructure.ControllerActionInvoker|Execution plan of resource filters (in the following order): Microsoft.AspNetCore.Mvc.ViewFeatures.Filters.SaveTempDataFilter
2023-08-18 12:08:42.7030|DEBUG|Microsoft.AspNetCore.Mvc.Infrastructure.ControllerActionInvoker|Execution plan of action filters (in the following order): Microsoft.AspNetCore.Mvc.Filters.ControllerActionFilter (Order: -2147483648), Microsoft.AspNetCore.Mvc.ModelBinding.UnsupportedContentTypeFilter (Order: -3000)
2023-08-18 12:08:42.7030|DEBUG|Microsoft.AspNetCore.Mvc.Infrastructure.ControllerActionInvoker|Execution plan of exception filters (in the following order): None
2023-08-18 12:08:42.7030|DEBUG|Microsoft.AspNetCore.Mvc.Infrastructure.ControllerActionInvoker|Execution plan of result filters (in the following order): Microsoft.AspNetCore.Mvc.ViewFeatures.Filters.SaveTempDataFilter
2023-08-18 12:08:42.7041|DEBUG|Microsoft.AspNetCore.Mvc.Infrastructure.ControllerActionInvoker|Executing controller factory for controller SportsStore.Controllers.HomeController (SportsStore.Web)
2023-08-18 12:08:42.7041|DEBUG|Microsoft.AspNetCore.Mvc.Infrastructure.ControllerActionInvoker|Executed controller factory for controller SportsStore.Controllers.HomeController (SportsStore.Web)
2023-08-18 12:08:42.7041|INFO|Microsoft.AspNetCore.Mvc.Infrastructure.ControllerActionInvoker|Executing action method SportsStore.Controllers.HomeController.Index (SportsStore.Web) - Validation state: Valid
2023-08-18 12:08:42.7041|DEBUG|SportsStore.Controllers.HomeController|Hello world from kabsang
2023-08-18 12:08:42.7041|INFO|Microsoft.AspNetCore.Mvc.Infrastructure.ControllerActionInvoker|Executed action method SportsStore.Controllers.HomeController.Index (SportsStore.Web), returned result Microsoft.AspNetCore.Mvc.ViewResult in 2.191ms.
2023-08-18 12:08:42.7041|DEBUG|Microsoft.AspNetCore.Mvc.Razor.RazorViewEngine|View lookup cache miss for view 'Index' in controller 'Home'.
2023-08-18 12:08:42.7041|INFO|Microsoft.AspNetCore.Mvc.ViewFeatures.ViewResultExecutor|Executing ViewResult, running view Index.
2023-08-18 12:08:42.7041|DEBUG|Microsoft.AspNetCore.Mvc.ViewFeatures.ViewResultExecutor|The view path '/Views/Home/Index.cshtml' was found in 5.2797ms.
2023-08-18 12:08:42.7307|DEBUG|Microsoft.AspNetCore.Mvc.Razor.RazorViewEngine|View lookup cache miss for view '_Layout' in controller 'Home'.
2023-08-18 12:08:42.7397|DEBUG|Microsoft.AspNetCore.Watch.BrowserRefresh.BrowserRefreshMiddleware|Response markup is scheduled to include browser refresh script injection.
2023-08-18 12:08:42.7678|INFO|Microsoft.AspNetCore.Mvc.ViewFeatures.ViewResultExecutor|Executed ViewResult - view Index executed in 55.5805ms.
2023-08-18 12:08:42.7678|INFO|Microsoft.AspNetCore.Mvc.Infrastructure.ControllerActionInvoker|Executed action SportsStore.Controllers.HomeController.Index (SportsStore.Web) in 65.8298ms
2023-08-18 12:08:42.7678|INFO|Microsoft.AspNetCore.Routing.EndpointMiddleware|Executed endpoint 'SportsStore.Controllers.HomeController.Index (SportsStore.Web)'
2023-08-18 12:08:42.7678|DEBUG|Microsoft.AspNetCore.Watch.BrowserRefresh.BrowserRefreshMiddleware|Response markup was updated to include browser refresh script injection.
2023-08-18 12:08:42.7678|INFO|Microsoft.AspNetCore.Hosting.Diagnostics|Request finished HTTP/2 GET https://localhost:5000/ - - - 200 - text/html;+charset=utf-8 116.1032ms
2023-08-18 12:08:42.7678|INFO|Microsoft.AspNetCore.Hosting.Diagnostics|Request starting HTTP/2 GET https://localhost:5000/_framework/aspnetcore-browser-refresh.js - -
2023-08-18 12:08:42.7678|INFO|Microsoft.AspNetCore.Hosting.Diagnostics|Request starting HTTP/2 GET https://localhost:5000/_vs/browserLink - -
2023-08-18 12:08:42.7678|INFO|Microsoft.AspNetCore.Hosting.Diagnostics|Request finished HTTP/2 GET https://localhost:5000/_framework/aspnetcore-browser-refresh.js - - - 200 12362 application/javascript;+charset=utf-8 1.8286ms
2023-08-18 12:08:42.7846|INFO|Microsoft.AspNetCore.Hosting.Diagnostics|Request finished HTTP/2 GET https://localhost:5000/_vs/browserLink - - - 200 - text/javascript;+charset=UTF-8 7.0728ms
2023-08-18 12:51:56.0057|DEBUG|Microsoft.AspNetCore.Mvc.Razor.Compilation.DefaultViewCompiler|Initializing Razor view compiler with compiled view: '/Views/Home/Index.cshtml'.
2023-08-18 12:51:56.0208|DEBUG|Microsoft.AspNetCore.Mvc.Razor.Compilation.DefaultViewCompiler|Initializing Razor view compiler with compiled view: '/Views/Home/Privacy.cshtml'.
2023-08-18 12:51:56.0208|DEBUG|Microsoft.AspNetCore.Mvc.Razor.Compilation.DefaultViewCompiler|Initializing Razor view compiler with compiled view: '/Views/Shared/Error.cshtml'.
2023-08-18 12:51:56.0208|DEBUG|Microsoft.AspNetCore.Mvc.Razor.Compilation.DefaultViewCompiler|Initializing Razor view compiler with compiled view: '/Views/Shared/_ValidationScriptsPartial.cshtml'.
2023-08-18 12:51:56.0208|DEBUG|Microsoft.AspNetCore.Mvc.Razor.Compilation.DefaultViewCompiler|Initializing Razor view compiler with compiled view: '/Views/_ViewImports.cshtml'.
2023-08-18 12:51:56.0208|DEBUG|Microsoft.AspNetCore.Mvc.Razor.Compilation.DefaultViewCompiler|Initializing Razor view compiler with compiled view: '/Views/_ViewStart.cshtml'.
2023-08-18 12:51:56.0208|DEBUG|Microsoft.AspNetCore.Mvc.Razor.Compilation.DefaultViewCompiler|Initializing Razor view compiler with compiled view: '/Views/Shared/_Layout.cshtml'.
2023-08-18 12:51:56.0208|DEBUG|Microsoft.AspNetCore.Mvc.ModelBinding.ModelBinderFactory|Registered model binder providers, in the following order: Microsoft.AspNetCore.Mvc.ModelBinding.Binders.BinderTypeModelBinderProvider, Microsoft.AspNetCore.Mvc.ModelBinding.Binders.ServicesModelBinderProvider, Microsoft.AspNetCore.Mvc.ModelBinding.Binders.BodyModelBinderProvider, Microsoft.AspNetCore.Mvc.ModelBinding.Binders.HeaderModelBinderProvider, Microsoft.AspNetCore.Mvc.ModelBinding.Binders.FloatingPointTypeModelBinderProvider, Microsoft.AspNetCore.Mvc.ModelBinding.Binders.EnumTypeModelBinderProvider, Microsoft.AspNetCore.Mvc.ModelBinding.Binders.DateTimeModelBinderProvider, Microsoft.AspNetCore.Mvc.ModelBinding.Binders.SimpleTypeModelBinderProvider, Microsoft.AspNetCore.Mvc.ModelBinding.Binders.CancellationTokenModelBinderProvider, Microsoft.AspNetCore.Mvc.ModelBinding.Binders.ByteArrayModelBinderProvider, Microsoft.AspNetCore.Mvc.ModelBinding.Binders.FormFileModelBinderProvider, Microsoft.AspNetCore.Mvc.ModelBinding.Binders.FormCollectionModelBinderProvider, Microsoft.AspNetCore.Mvc.ModelBinding.Binders.KeyValuePairModelBinderProvider, Microsoft.AspNetCore.Mvc.ModelBinding.Binders.DictionaryModelBinderProvider, Microsoft.AspNetCore.Mvc.ModelBinding.Binders.ArrayModelBinderProvider, Microsoft.AspNetCore.Mvc.ModelBinding.Binders.CollectionModelBinderProvider, Microsoft.AspNetCore.Mvc.ModelBinding.Binders.ComplexObjectModelBinderProvider
2023-08-18 12:51:56.0463|DEBUG|Microsoft.Extensions.Hosting.Internal.Host|Hosting starting
2023-08-18 12:51:56.0550|INFO|Microsoft.AspNetCore.DataProtection.KeyManagement.XmlKeyManager|User profile is available. Using 'C:\Users\tenzi\AppData\Local\ASP.NET\DataProtection-Keys' as key repository and Windows DPAPI to encrypt keys at rest.
2023-08-18 12:51:56.0767|DEBUG|Microsoft.AspNetCore.DataProtection.Repositories.FileSystemXmlRepository|Reading data from file 'C:\Users\tenzi\AppData\Local\ASP.NET\DataProtection-Keys\key-50bdac36-28f8-4a61-b293-808f7b593291.xml'.
2023-08-18 12:51:56.0767|DEBUG|Microsoft.AspNetCore.DataProtection.Repositories.FileSystemXmlRepository|Reading data from file 'C:\Users\tenzi\AppData\Local\ASP.NET\DataProtection-Keys\key-d6fa5a8b-b2fd-4b5a-9a0d-6bb3ce48c04a.xml'.
2023-08-18 12:51:56.0767|DEBUG|Microsoft.AspNetCore.DataProtection.Repositories.FileSystemXmlRepository|Reading data from file 'C:\Users\tenzi\AppData\Local\ASP.NET\DataProtection-Keys\key-f0129498-7328-4137-9df2-5209697ef628.xml'.
2023-08-18 12:51:56.0767|DEBUG|Microsoft.AspNetCore.DataProtection.KeyManagement.XmlKeyManager|Found key {50bdac36-28f8-4a61-b293-808f7b593291}.
2023-08-18 12:51:56.0807|DEBUG|Microsoft.AspNetCore.DataProtection.KeyManagement.XmlKeyManager|Found key {d6fa5a8b-b2fd-4b5a-9a0d-6bb3ce48c04a}.
2023-08-18 12:51:56.0807|DEBUG|Microsoft.AspNetCore.DataProtection.KeyManagement.XmlKeyManager|Found key {f0129498-7328-4137-9df2-5209697ef628}.
2023-08-18 12:51:56.0807|DEBUG|Microsoft.AspNetCore.DataProtection.KeyManagement.DefaultKeyResolver|Considering key {f0129498-7328-4137-9df2-5209697ef628} with expiration date 2023-10-20 18:42:43Z as default key.
2023-08-18 12:51:56.0807|DEBUG|Microsoft.AspNetCore.DataProtection.TypeForwardingActivator|Forwarded activator type request from Microsoft.AspNetCore.DataProtection.XmlEncryption.DpapiXmlDecryptor, Microsoft.AspNetCore.DataProtection, Version=6.0.0.0, Culture=neutral, PublicKeyToken=adb9793829ddae60 to Microsoft.AspNetCore.DataProtection.XmlEncryption.DpapiXmlDecryptor, Microsoft.AspNetCore.DataProtection, Culture=neutral, PublicKeyToken=adb9793829ddae60
2023-08-18 12:51:56.0807|DEBUG|Microsoft.AspNetCore.DataProtection.XmlEncryption.DpapiXmlDecryptor|Decrypting secret element using Windows DPAPI.
2023-08-18 12:51:56.0807|DEBUG|Microsoft.AspNetCore.DataProtection.TypeForwardingActivator|Forwarded activator type request from Microsoft.AspNetCore.DataProtection.AuthenticatedEncryption.ConfigurationModel.AuthenticatedEncryptorDescriptorDeserializer, Microsoft.AspNetCore.DataProtection, Version=6.0.0.0, Culture=neutral, PublicKeyToken=adb9793829ddae60 to Microsoft.AspNetCore.DataProtection.AuthenticatedEncryption.ConfigurationModel.AuthenticatedEncryptorDescriptorDeserializer, Microsoft.AspNetCore.DataProtection, Culture=neutral, PublicKeyToken=adb9793829ddae60
2023-08-18 12:51:56.0807|DEBUG|Microsoft.AspNetCore.DataProtection.AuthenticatedEncryption.CngCbcAuthenticatedEncryptorFactory|Opening CNG algorithm 'AES' from provider '(null)' with chaining mode CBC.
2023-08-18 12:51:56.0807|DEBUG|Microsoft.AspNetCore.DataProtection.AuthenticatedEncryption.CngCbcAuthenticatedEncryptorFactory|Opening CNG algorithm 'SHA256' from provider '(null)' with HMAC.
2023-08-18 12:51:56.0807|DEBUG|Microsoft.AspNetCore.DataProtection.KeyManagement.KeyRingProvider|Using key {f0129498-7328-4137-9df2-5209697ef628} as the default key.
2023-08-18 12:51:56.0807|DEBUG|Microsoft.AspNetCore.DataProtection.Internal.DataProtectionHostedService|Key ring with default key {f0129498-7328-4137-9df2-5209697ef628} was loaded during application startup.
2023-08-18 12:51:56.1178|DEBUG|Microsoft.AspNetCore.Server.Kestrel.Core.KestrelServer|Using development certificate: CN=localhost (Thumbprint: C0942E33C8ACE4899FB8247258DED4B8F3449FB0)
2023-08-18 12:51:56.1328|INFO|Microsoft.Hosting.Lifetime|Now listening on: https://localhost:5000
2023-08-18 12:51:56.1328|DEBUG|Microsoft.AspNetCore.Hosting.Diagnostics|Loaded hosting startup assembly SportsStore.Web
2023-08-18 12:51:56.1328|DEBUG|Microsoft.AspNetCore.Hosting.Diagnostics|Loaded hosting startup assembly Microsoft.AspNetCore.Watch.BrowserRefresh
2023-08-18 12:51:56.1328|DEBUG|Microsoft.AspNetCore.Hosting.Diagnostics|Loaded hosting startup assembly Microsoft.WebTools.BrowserLink.Net
2023-08-18 12:51:56.1328|INFO|Microsoft.Hosting.Lifetime|Application started. Press Ctrl+C to shut down.
2023-08-18 12:51:56.1328|INFO|Microsoft.Hosting.Lifetime|Hosting environment: Development
2023-08-18 12:51:56.1328|INFO|Microsoft.Hosting.Lifetime|Content root path: C:\Users\tenzi\source\repos\SportsStore\SportsStore.Web\
2023-08-18 12:51:56.1328|DEBUG|Microsoft.Extensions.Hosting.Internal.Host|Hosting started
2023-08-18 12:51:56.2537|DEBUG|Microsoft.AspNetCore.Server.Kestrel.Transport.Sockets|Connection id "0HMT03GP117IH" received FIN.
2023-08-18 12:51:56.2537|DEBUG|Microsoft.AspNetCore.Server.Kestrel.Transport.Sockets|Connection id "0HMT03GP117IG" received FIN.
2023-08-18 12:51:56.2537|DEBUG|Microsoft.AspNetCore.Server.Kestrel.Connections|Connection id "0HMT03GP117IG" accepted.
2023-08-18 12:51:56.2537|DEBUG|Microsoft.AspNetCore.Server.Kestrel.Connections|Connection id "0HMT03GP117IH" accepted.
2023-08-18 12:51:56.2537|DEBUG|Microsoft.AspNetCore.Server.Kestrel.Connections|Connection id "0HMT03GP117IG" started.
2023-08-18 12:51:56.2537|DEBUG|Microsoft.AspNetCore.Server.Kestrel.Connections|Connection id "0HMT03GP117IH" started.
2023-08-18 12:51:56.2537|DEBUG|Microsoft.AspNetCore.Server.Kestrel.Https.Internal.HttpsConnectionMiddleware|Failed to authenticate HTTPS connection.|System.IO.IOException:  Received an unexpected EOF or 0 bytes from the transport stream.
   at System.Net.Security.SslStream.ReceiveBlobAsync[TIOAdapter](TIOAdapter adapter)
   at System.Net.Security.SslStream.ForceAuthenticationAsync[TIOAdapter](TIOAdapter adapter, Boolean receiveFirst, Byte[] reAuthenticationData, Boolean isApm)
   at Microsoft.AspNetCore.Server.Kestrel.Https.Internal.HttpsConnectionMiddleware.OnConnectionAsync(ConnectionContext context)
2023-08-18 12:51:56.2537|DEBUG|Microsoft.AspNetCore.Server.Kestrel.Https.Internal.HttpsConnectionMiddleware|Failed to authenticate HTTPS connection.|System.IO.IOException:  Received an unexpected EOF or 0 bytes from the transport stream.
   at System.Net.Security.SslStream.ReceiveBlobAsync[TIOAdapter](TIOAdapter adapter)
   at System.Net.Security.SslStream.ForceAuthenticationAsync[TIOAdapter](TIOAdapter adapter, Boolean receiveFirst, Byte[] reAuthenticationData, Boolean isApm)
   at Microsoft.AspNetCore.Server.Kestrel.Https.Internal.HttpsConnectionMiddleware.OnConnectionAsync(ConnectionContext context)
2023-08-18 12:51:56.2702|DEBUG|Microsoft.AspNetCore.Server.Kestrel.Connections|Connection id "0HMT03GP117IH" stopped.
2023-08-18 12:51:56.2702|DEBUG|Microsoft.AspNetCore.Server.Kestrel.Connections|Connection id "0HMT03GP117IG" stopped.
2023-08-18 12:51:56.2702|DEBUG|Microsoft.AspNetCore.Server.Kestrel.Transport.Sockets|Connection id "0HMT03GP117IG" sending FIN because: "The Socket transport's send loop completed gracefully."
2023-08-18 12:51:56.2702|DEBUG|Microsoft.AspNetCore.Server.Kestrel.Transport.Sockets|Connection id "0HMT03GP117IH" sending FIN because: "The Socket transport's send loop completed gracefully."
2023-08-18 12:51:56.3310|DEBUG|Microsoft.AspNetCore.Server.Kestrel.Connections|Connection id "0HMT03GP117II" accepted.
2023-08-18 12:51:56.3310|DEBUG|Microsoft.AspNetCore.Server.Kestrel.Connections|Connection id "0HMT03GP117II" started.
2023-08-18 12:51:56.3510|DEBUG|Microsoft.AspNetCore.Server.Kestrel.Https.Internal.HttpsConnectionMiddleware|Connection 0HMT03GP117II established using the following protocol: Tls13
2023-08-18 12:51:56.3774|INFO|Microsoft.AspNetCore.Hosting.Diagnostics|Request starting HTTP/2 GET https://localhost:5000/ - -
2023-08-18 12:51:56.3932|DEBUG|Microsoft.AspNetCore.HostFiltering.HostFilteringMiddleware|Wildcard detected, all requests with hosts will be allowed.
2023-08-18 12:51:56.3932|DEBUG|Microsoft.AspNetCore.StaticFiles.StaticFileMiddleware|The request path / does not match a supported file type
2023-08-18 12:51:56.3932|DEBUG|Microsoft.AspNetCore.Routing.Matching.DfaMatcher|1 candidate(s) found for the request path '/'
2023-08-18 12:51:56.3932|DEBUG|Microsoft.AspNetCore.Routing.Matching.DfaMatcher|Endpoint 'SportsStore.Controllers.HomeController.Index (SportsStore.Web)' with route pattern '{controller=Home}/{action=Index}/{id?}' is valid for the request path '/'
2023-08-18 12:51:56.3932|DEBUG|Microsoft.AspNetCore.Routing.EndpointRoutingMiddleware|Request matched endpoint 'SportsStore.Controllers.HomeController.Index (SportsStore.Web)'
2023-08-18 12:51:56.3932|INFO|Microsoft.AspNetCore.Routing.EndpointMiddleware|Executing endpoint 'SportsStore.Controllers.HomeController.Index (SportsStore.Web)'
2023-08-18 12:51:56.4230|INFO|Microsoft.AspNetCore.Mvc.Infrastructure.ControllerActionInvoker|Route matched with {action = "Index", controller = "Home"}. Executing controller action with signature Microsoft.AspNetCore.Mvc.IActionResult Index() on controller SportsStore.Controllers.HomeController (SportsStore.Web).
2023-08-18 12:51:56.4235|DEBUG|Microsoft.AspNetCore.Mvc.Infrastructure.ControllerActionInvoker|Execution plan of authorization filters (in the following order): None
2023-08-18 12:51:56.4235|DEBUG|Microsoft.AspNetCore.Mvc.Infrastructure.ControllerActionInvoker|Execution plan of resource filters (in the following order): Microsoft.AspNetCore.Mvc.ViewFeatures.Filters.SaveTempDataFilter
2023-08-18 12:51:56.4235|DEBUG|Microsoft.AspNetCore.Mvc.Infrastructure.ControllerActionInvoker|Execution plan of action filters (in the following order): Microsoft.AspNetCore.Mvc.Filters.ControllerActionFilter (Order: -2147483648), Microsoft.AspNetCore.Mvc.ModelBinding.UnsupportedContentTypeFilter (Order: -3000)
2023-08-18 12:51:56.4235|DEBUG|Microsoft.AspNetCore.Mvc.Infrastructure.ControllerActionInvoker|Execution plan of exception filters (in the following order): None
2023-08-18 12:51:56.4235|DEBUG|Microsoft.AspNetCore.Mvc.Infrastructure.ControllerActionInvoker|Execution plan of result filters (in the following order): Microsoft.AspNetCore.Mvc.ViewFeatures.Filters.SaveTempDataFilter
2023-08-18 12:51:56.4235|DEBUG|Microsoft.AspNetCore.Mvc.Infrastructure.ControllerActionInvoker|Executing controller factory for controller SportsStore.Controllers.HomeController (SportsStore.Web)
2023-08-18 12:51:56.4235|DEBUG|Microsoft.AspNetCore.Mvc.Infrastructure.ControllerActionInvoker|Executed controller factory for controller SportsStore.Controllers.HomeController (SportsStore.Web)
2023-08-18 12:51:56.4235|DEBUG|SportsStore.Controllers.HomeController|Hello world from kabsang
2023-08-18 12:51:56.4235|DEBUG|Microsoft.AspNetCore.Mvc.Razor.RazorViewEngine|View lookup cache miss for view 'Index' in controller 'Home'.
2023-08-18 12:51:56.4235|INFO|Microsoft.AspNetCore.Mvc.ViewFeatures.ViewResultExecutor|Executing ViewResult, running view Index.
2023-08-18 12:51:56.4235|DEBUG|Microsoft.AspNetCore.Mvc.ViewFeatures.ViewResultExecutor|The view path '/Views/Home/Index.cshtml' was found in 5.017ms.
2023-08-18 12:51:56.4456|DEBUG|Microsoft.AspNetCore.Mvc.Razor.RazorViewEngine|View lookup cache miss for view '_Layout' in controller 'Home'.
2023-08-18 12:51:56.4545|DEBUG|Microsoft.AspNetCore.Watch.BrowserRefresh.BrowserRefreshMiddleware|Response markup is scheduled to include browser refresh script injection.
2023-08-18 12:51:56.4848|INFO|Microsoft.AspNetCore.Mvc.ViewFeatures.ViewResultExecutor|Executed ViewResult - view Index executed in 57.1099ms.
2023-08-18 12:51:56.4863|INFO|Microsoft.AspNetCore.Mvc.Infrastructure.ControllerActionInvoker|Executed action SportsStore.Controllers.HomeController.Index (SportsStore.Web) in 62.4623ms
2023-08-18 12:51:56.4863|INFO|Microsoft.AspNetCore.Routing.EndpointMiddleware|Executed endpoint 'SportsStore.Controllers.HomeController.Index (SportsStore.Web)'
2023-08-18 12:51:56.4863|DEBUG|Microsoft.AspNetCore.Watch.BrowserRefresh.BrowserRefreshMiddleware|Response markup was updated to include browser refresh script injection.
2023-08-18 12:51:56.4863|INFO|Microsoft.AspNetCore.Hosting.Diagnostics|Request starting HTTP/2 GET https://localhost:5000/_framework/aspnetcore-browser-refresh.js - -
2023-08-18 12:51:56.4863|INFO|Microsoft.AspNetCore.Hosting.Diagnostics|Request starting HTTP/2 GET https://localhost:5000/_vs/browserLink - -
2023-08-18 12:51:56.4863|INFO|Microsoft.AspNetCore.Hosting.Diagnostics|Request finished HTTP/2 GET https://localhost:5000/ - - - 200 - text/html;+charset=utf-8 119.8343ms
2023-08-18 12:51:56.4863|INFO|Microsoft.AspNetCore.Hosting.Diagnostics|Request finished HTTP/2 GET https://localhost:5000/_framework/aspnetcore-browser-refresh.js - - - 200 12362 application/javascript;+charset=utf-8 1.5228ms
2023-08-18 12:51:56.5101|INFO|Microsoft.AspNetCore.Hosting.Diagnostics|Request finished HTTP/2 GET https://localhost:5000/_vs/browserLink - - - 200 - text/javascript;+charset=UTF-8 14.4622ms
2023-08-18 12:54:07.1239|DEBUG|Microsoft.AspNetCore.Mvc.Razor.Compilation.DefaultViewCompiler|Initializing Razor view compiler with compiled view: '/Views/Home/Index.cshtml'.
2023-08-18 12:54:07.1396|DEBUG|Microsoft.AspNetCore.Mvc.Razor.Compilation.DefaultViewCompiler|Initializing Razor view compiler with compiled view: '/Views/Home/Privacy.cshtml'.
2023-08-18 12:54:07.1396|DEBUG|Microsoft.AspNetCore.Mvc.Razor.Compilation.DefaultViewCompiler|Initializing Razor view compiler with compiled view: '/Views/Shared/Error.cshtml'.
2023-08-18 12:54:07.1396|DEBUG|Microsoft.AspNetCore.Mvc.Razor.Compilation.DefaultViewCompiler|Initializing Razor view compiler with compiled view: '/Views/Shared/_ValidationScriptsPartial.cshtml'.
2023-08-18 12:54:07.1396|DEBUG|Microsoft.AspNetCore.Mvc.Razor.Compilation.DefaultViewCompiler|Initializing Razor view compiler with compiled view: '/Views/_ViewImports.cshtml'.
2023-08-18 12:54:07.1396|DEBUG|Microsoft.AspNetCore.Mvc.Razor.Compilation.DefaultViewCompiler|Initializing Razor view compiler with compiled view: '/Views/_ViewStart.cshtml'.
2023-08-18 12:54:07.1396|DEBUG|Microsoft.AspNetCore.Mvc.Razor.Compilation.DefaultViewCompiler|Initializing Razor view compiler with compiled view: '/Views/Shared/_Layout.cshtml'.
2023-08-18 12:54:07.1465|DEBUG|Microsoft.AspNetCore.Mvc.ModelBinding.ModelBinderFactory|Registered model binder providers, in the following order: Microsoft.AspNetCore.Mvc.ModelBinding.Binders.BinderTypeModelBinderProvider, Microsoft.AspNetCore.Mvc.ModelBinding.Binders.ServicesModelBinderProvider, Microsoft.AspNetCore.Mvc.ModelBinding.Binders.BodyModelBinderProvider, Microsoft.AspNetCore.Mvc.ModelBinding.Binders.HeaderModelBinderProvider, Microsoft.AspNetCore.Mvc.ModelBinding.Binders.FloatingPointTypeModelBinderProvider, Microsoft.AspNetCore.Mvc.ModelBinding.Binders.EnumTypeModelBinderProvider, Microsoft.AspNetCore.Mvc.ModelBinding.Binders.DateTimeModelBinderProvider, Microsoft.AspNetCore.Mvc.ModelBinding.Binders.SimpleTypeModelBinderProvider, Microsoft.AspNetCore.Mvc.ModelBinding.Binders.CancellationTokenModelBinderProvider, Microsoft.AspNetCore.Mvc.ModelBinding.Binders.ByteArrayModelBinderProvider, Microsoft.AspNetCore.Mvc.ModelBinding.Binders.FormFileModelBinderProvider, Microsoft.AspNetCore.Mvc.ModelBinding.Binders.FormCollectionModelBinderProvider, Microsoft.AspNetCore.Mvc.ModelBinding.Binders.KeyValuePairModelBinderProvider, Microsoft.AspNetCore.Mvc.ModelBinding.Binders.DictionaryModelBinderProvider, Microsoft.AspNetCore.Mvc.ModelBinding.Binders.ArrayModelBinderProvider, Microsoft.AspNetCore.Mvc.ModelBinding.Binders.CollectionModelBinderProvider, Microsoft.AspNetCore.Mvc.ModelBinding.Binders.ComplexObjectModelBinderProvider
2023-08-18 12:54:07.1644|DEBUG|Microsoft.Extensions.Hosting.Internal.Host|Hosting starting
2023-08-18 12:54:07.1734|INFO|Microsoft.AspNetCore.DataProtection.KeyManagement.XmlKeyManager|User profile is available. Using 'C:\Users\tenzi\AppData\Local\ASP.NET\DataProtection-Keys' as key repository and Windows DPAPI to encrypt keys at rest.
2023-08-18 12:54:09.9586|DEBUG|Microsoft.AspNetCore.DataProtection.Repositories.FileSystemXmlRepository|Reading data from file 'C:\Users\tenzi\AppData\Local\ASP.NET\DataProtection-Keys\key-50bdac36-28f8-4a61-b293-808f7b593291.xml'.
2023-08-18 12:54:09.9586|DEBUG|Microsoft.AspNetCore.DataProtection.Repositories.FileSystemXmlRepository|Reading data from file 'C:\Users\tenzi\AppData\Local\ASP.NET\DataProtection-Keys\key-d6fa5a8b-b2fd-4b5a-9a0d-6bb3ce48c04a.xml'.
2023-08-18 12:54:09.9586|DEBUG|Microsoft.AspNetCore.DataProtection.Repositories.FileSystemXmlRepository|Reading data from file 'C:\Users\tenzi\AppData\Local\ASP.NET\DataProtection-Keys\key-f0129498-7328-4137-9df2-5209697ef628.xml'.
2023-08-18 12:54:09.9586|DEBUG|Microsoft.AspNetCore.DataProtection.KeyManagement.XmlKeyManager|Found key {50bdac36-28f8-4a61-b293-808f7b593291}.
2023-08-18 12:54:09.9586|DEBUG|Microsoft.AspNetCore.DataProtection.KeyManagement.XmlKeyManager|Found key {d6fa5a8b-b2fd-4b5a-9a0d-6bb3ce48c04a}.
2023-08-18 12:54:09.9586|DEBUG|Microsoft.AspNetCore.DataProtection.KeyManagement.XmlKeyManager|Found key {f0129498-7328-4137-9df2-5209697ef628}.
2023-08-18 12:54:09.9586|DEBUG|Microsoft.AspNetCore.DataProtection.KeyManagement.DefaultKeyResolver|Considering key {f0129498-7328-4137-9df2-5209697ef628} with expiration date 2023-10-20 18:42:43Z as default key.
2023-08-18 12:54:09.9586|DEBUG|Microsoft.AspNetCore.DataProtection.TypeForwardingActivator|Forwarded activator type request from Microsoft.AspNetCore.DataProtection.XmlEncryption.DpapiXmlDecryptor, Microsoft.AspNetCore.DataProtection, Version=6.0.0.0, Culture=neutral, PublicKeyToken=adb9793829ddae60 to Microsoft.AspNetCore.DataProtection.XmlEncryption.DpapiXmlDecryptor, Microsoft.AspNetCore.DataProtection, Culture=neutral, PublicKeyToken=adb9793829ddae60
2023-08-18 12:54:09.9586|DEBUG|Microsoft.AspNetCore.DataProtection.XmlEncryption.DpapiXmlDecryptor|Decrypting secret element using Windows DPAPI.
2023-08-18 12:54:09.9699|DEBUG|Microsoft.AspNetCore.DataProtection.TypeForwardingActivator|Forwarded activator type request from Microsoft.AspNetCore.DataProtection.AuthenticatedEncryption.ConfigurationModel.AuthenticatedEncryptorDescriptorDeserializer, Microsoft.AspNetCore.DataProtection, Version=6.0.0.0, Culture=neutral, PublicKeyToken=adb9793829ddae60 to Microsoft.AspNetCore.DataProtection.AuthenticatedEncryption.ConfigurationModel.AuthenticatedEncryptorDescriptorDeserializer, Microsoft.AspNetCore.DataProtection, Culture=neutral, PublicKeyToken=adb9793829ddae60
2023-08-18 12:54:09.9699|DEBUG|Microsoft.AspNetCore.DataProtection.AuthenticatedEncryption.CngCbcAuthenticatedEncryptorFactory|Opening CNG algorithm 'AES' from provider '(null)' with chaining mode CBC.
2023-08-18 12:54:09.9699|DEBUG|Microsoft.AspNetCore.DataProtection.AuthenticatedEncryption.CngCbcAuthenticatedEncryptorFactory|Opening CNG algorithm 'SHA256' from provider '(null)' with HMAC.
2023-08-18 12:54:09.9699|DEBUG|Microsoft.AspNetCore.DataProtection.KeyManagement.KeyRingProvider|Using key {f0129498-7328-4137-9df2-5209697ef628} as the default key.
2023-08-18 12:54:09.9699|DEBUG|Microsoft.AspNetCore.DataProtection.Internal.DataProtectionHostedService|Key ring with default key {f0129498-7328-4137-9df2-5209697ef628} was loaded during application startup.
2023-08-18 12:54:10.0008|DEBUG|Microsoft.AspNetCore.Server.Kestrel.Core.KestrelServer|Using development certificate: CN=localhost (Thumbprint: C0942E33C8ACE4899FB8247258DED4B8F3449FB0)
2023-08-18 12:54:10.0008|INFO|Microsoft.Hosting.Lifetime|Now listening on: https://localhost:5000
2023-08-18 12:54:10.0008|DEBUG|Microsoft.AspNetCore.Hosting.Diagnostics|Loaded hosting startup assembly SportsStore.Web
2023-08-18 12:54:10.0008|DEBUG|Microsoft.AspNetCore.Hosting.Diagnostics|Loaded hosting startup assembly Microsoft.AspNetCore.Watch.BrowserRefresh
2023-08-18 12:54:10.0008|DEBUG|Microsoft.AspNetCore.Hosting.Diagnostics|Loaded hosting startup assembly Microsoft.WebTools.BrowserLink.Net
2023-08-18 12:54:10.0008|INFO|Microsoft.Hosting.Lifetime|Application started. Press Ctrl+C to shut down.
2023-08-18 12:54:10.0008|INFO|Microsoft.Hosting.Lifetime|Hosting environment: Development
2023-08-18 12:54:10.0173|INFO|Microsoft.Hosting.Lifetime|Content root path: C:\Users\tenzi\source\repos\SportsStore\SportsStore.Web\
2023-08-18 12:54:10.0173|DEBUG|Microsoft.Extensions.Hosting.Internal.Host|Hosting started
2023-08-18 12:54:10.4335|DEBUG|Microsoft.AspNetCore.Server.Kestrel.Connections|Connection id "0HMT03I10LAHB" accepted.
2023-08-18 12:54:10.4335|DEBUG|Microsoft.AspNetCore.Server.Kestrel.Connections|Connection id "0HMT03I10LAHC" accepted.
2023-08-18 12:54:10.4335|DEBUG|Microsoft.AspNetCore.Server.Kestrel.Connections|Connection id "0HMT03I10LAHB" started.
2023-08-18 12:54:10.4335|DEBUG|Microsoft.AspNetCore.Server.Kestrel.Connections|Connection id "0HMT03I10LAHC" started.
2023-08-18 12:54:10.4451|DEBUG|Microsoft.AspNetCore.Server.Kestrel.Transport.Sockets|Connection id "0HMT03I10LAHC" received FIN.
2023-08-18 12:54:10.4451|DEBUG|Microsoft.AspNetCore.Server.Kestrel.Transport.Sockets|Connection id "0HMT03I10LAHB" received FIN.
2023-08-18 12:54:10.4451|DEBUG|Microsoft.AspNetCore.Server.Kestrel.Https.Internal.HttpsConnectionMiddleware|Failed to authenticate HTTPS connection.|System.IO.IOException:  Received an unexpected EOF or 0 bytes from the transport stream.
   at System.Net.Security.SslStream.<FillHandshakeBufferAsync>g__InternalFillHandshakeBufferAsync|189_0[TIOAdapter](TIOAdapter adap, ValueTask`1 task, Int32 minSize)
   at System.Net.Security.SslStream.ReceiveBlobAsync[TIOAdapter](TIOAdapter adapter)
   at System.Net.Security.SslStream.ForceAuthenticationAsync[TIOAdapter](TIOAdapter adapter, Boolean receiveFirst, Byte[] reAuthenticationData, Boolean isApm)
   at Microsoft.AspNetCore.Server.Kestrel.Https.Internal.HttpsConnectionMiddleware.OnConnectionAsync(ConnectionContext context)
2023-08-18 12:54:10.4451|DEBUG|Microsoft.AspNetCore.Server.Kestrel.Https.Internal.HttpsConnectionMiddleware|Failed to authenticate HTTPS connection.|System.IO.IOException:  Received an unexpected EOF or 0 bytes from the transport stream.
   at System.Net.Security.SslStream.<FillHandshakeBufferAsync>g__InternalFillHandshakeBufferAsync|189_0[TIOAdapter](TIOAdapter adap, ValueTask`1 task, Int32 minSize)
   at System.Net.Security.SslStream.ReceiveBlobAsync[TIOAdapter](TIOAdapter adapter)
   at System.Net.Security.SslStream.ForceAuthenticationAsync[TIOAdapter](TIOAdapter adapter, Boolean receiveFirst, Byte[] reAuthenticationData, Boolean isApm)
   at Microsoft.AspNetCore.Server.Kestrel.Https.Internal.HttpsConnectionMiddleware.OnConnectionAsync(ConnectionContext context)
2023-08-18 12:54:10.4557|DEBUG|Microsoft.AspNetCore.Server.Kestrel.Connections|Connection id "0HMT03I10LAHB" stopped.
2023-08-18 12:54:10.4557|DEBUG|Microsoft.AspNetCore.Server.Kestrel.Connections|Connection id "0HMT03I10LAHC" stopped.
2023-08-18 12:54:10.4557|DEBUG|Microsoft.AspNetCore.Server.Kestrel.Transport.Sockets|Connection id "0HMT03I10LAHC" sending FIN because: "The Socket transport's send loop completed gracefully."
2023-08-18 12:54:10.4557|DEBUG|Microsoft.AspNetCore.Server.Kestrel.Transport.Sockets|Connection id "0HMT03I10LAHB" sending FIN because: "The Socket transport's send loop completed gracefully."
2023-08-18 12:54:10.5721|DEBUG|Microsoft.AspNetCore.Server.Kestrel.Connections|Connection id "0HMT03I10LAHD" accepted.
2023-08-18 12:54:10.5721|DEBUG|Microsoft.AspNetCore.Server.Kestrel.Connections|Connection id "0HMT03I10LAHD" started.
2023-08-18 12:54:10.5884|DEBUG|Microsoft.AspNetCore.Server.Kestrel.Https.Internal.HttpsConnectionMiddleware|Connection 0HMT03I10LAHD established using the following protocol: Tls13
2023-08-18 12:54:10.6121|INFO|Microsoft.AspNetCore.Hosting.Diagnostics|Request starting HTTP/2 GET https://localhost:5000/ - -
2023-08-18 12:54:10.6263|DEBUG|Microsoft.AspNetCore.HostFiltering.HostFilteringMiddleware|Wildcard detected, all requests with hosts will be allowed.
2023-08-18 12:54:10.6263|DEBUG|Microsoft.AspNetCore.StaticFiles.StaticFileMiddleware|The request path / does not match a supported file type
2023-08-18 12:54:10.6263|DEBUG|Microsoft.AspNetCore.Routing.Matching.DfaMatcher|1 candidate(s) found for the request path '/'
2023-08-18 12:54:10.6263|DEBUG|Microsoft.AspNetCore.Routing.Matching.DfaMatcher|Endpoint 'SportsStore.Controllers.HomeController.Index (SportsStore.Web)' with route pattern '{controller=Home}/{action=Index}/{id?}' is valid for the request path '/'
2023-08-18 12:54:10.6263|DEBUG|Microsoft.AspNetCore.Routing.EndpointRoutingMiddleware|Request matched endpoint 'SportsStore.Controllers.HomeController.Index (SportsStore.Web)'
2023-08-18 12:54:10.6263|INFO|Microsoft.AspNetCore.Routing.EndpointMiddleware|Executing endpoint 'SportsStore.Controllers.HomeController.Index (SportsStore.Web)'
2023-08-18 12:54:10.6535|INFO|Microsoft.AspNetCore.Mvc.Infrastructure.ControllerActionInvoker|Route matched with {action = "Index", controller = "Home"}. Executing controller action with signature Microsoft.AspNetCore.Mvc.IActionResult Index() on controller SportsStore.Controllers.HomeController (SportsStore.Web).
2023-08-18 12:54:10.6535|DEBUG|Microsoft.AspNetCore.Mvc.Infrastructure.ControllerActionInvoker|Execution plan of authorization filters (in the following order): None
2023-08-18 12:54:10.6535|DEBUG|Microsoft.AspNetCore.Mvc.Infrastructure.ControllerActionInvoker|Execution plan of resource filters (in the following order): Microsoft.AspNetCore.Mvc.ViewFeatures.Filters.SaveTempDataFilter
2023-08-18 12:54:10.6535|DEBUG|Microsoft.AspNetCore.Mvc.Infrastructure.ControllerActionInvoker|Execution plan of action filters (in the following order): Microsoft.AspNetCore.Mvc.Filters.ControllerActionFilter (Order: -2147483648), Microsoft.AspNetCore.Mvc.ModelBinding.UnsupportedContentTypeFilter (Order: -3000)
2023-08-18 12:54:10.6535|DEBUG|Microsoft.AspNetCore.Mvc.Infrastructure.ControllerActionInvoker|Execution plan of exception filters (in the following order): None
2023-08-18 12:54:10.6535|DEBUG|Microsoft.AspNetCore.Mvc.Infrastructure.ControllerActionInvoker|Execution plan of result filters (in the following order): Microsoft.AspNetCore.Mvc.ViewFeatures.Filters.SaveTempDataFilter
2023-08-18 12:54:10.6535|DEBUG|Microsoft.AspNetCore.Mvc.Infrastructure.ControllerActionInvoker|Executing controller factory for controller SportsStore.Controllers.HomeController (SportsStore.Web)
2023-08-18 12:54:10.6535|DEBUG|Microsoft.AspNetCore.Mvc.Infrastructure.ControllerActionInvoker|Executed controller factory for controller SportsStore.Controllers.HomeController (SportsStore.Web)
2023-08-18 12:54:10.6535|DEBUG|SportsStore.Controllers.HomeController|Hello world from kabsang
2023-08-18 12:54:10.6590|DEBUG|Microsoft.AspNetCore.Mvc.Razor.RazorViewEngine|View lookup cache miss for view 'Index' in controller 'Home'.
2023-08-18 12:54:10.6590|INFO|Microsoft.AspNetCore.Mvc.ViewFeatures.ViewResultExecutor|Executing ViewResult, running view Index.
2023-08-18 12:54:10.6590|DEBUG|Microsoft.AspNetCore.Mvc.ViewFeatures.ViewResultExecutor|The view path '/Views/Home/Index.cshtml' was found in 5.7593ms.
2023-08-18 12:54:10.6770|DEBUG|Microsoft.AspNetCore.Mvc.Razor.RazorViewEngine|View lookup cache miss for view '_Layout' in controller 'Home'.
2023-08-18 12:54:10.6770|DEBUG|Microsoft.AspNetCore.Watch.BrowserRefresh.BrowserRefreshMiddleware|Response markup is scheduled to include browser refresh script injection.
2023-08-18 12:54:10.7127|INFO|Microsoft.AspNetCore.Mvc.ViewFeatures.ViewResultExecutor|Executed ViewResult - view Index executed in 54.334ms.
2023-08-18 12:54:10.7127|INFO|Microsoft.AspNetCore.Mvc.Infrastructure.ControllerActionInvoker|Executed action SportsStore.Controllers.HomeController.Index (SportsStore.Web) in 59.6977ms
2023-08-18 12:54:10.7127|INFO|Microsoft.AspNetCore.Routing.EndpointMiddleware|Executed endpoint 'SportsStore.Controllers.HomeController.Index (SportsStore.Web)'
2023-08-18 12:54:10.7213|DEBUG|Microsoft.AspNetCore.Watch.BrowserRefresh.BrowserRefreshMiddleware|Response markup was updated to include browser refresh script injection.
2023-08-18 12:54:10.7213|INFO|Microsoft.AspNetCore.Hosting.Diagnostics|Request starting HTTP/2 GET https://localhost:5000/_framework/aspnetcore-browser-refresh.js - -
2023-08-18 12:54:10.7213|INFO|Microsoft.AspNetCore.Hosting.Diagnostics|Request starting HTTP/2 GET https://localhost:5000/_vs/browserLink - -
2023-08-18 12:54:10.7213|INFO|Microsoft.AspNetCore.Hosting.Diagnostics|Request finished HTTP/2 GET https://localhost:5000/ - - - 200 - text/html;+charset=utf-8 113.7283ms
2023-08-18 12:54:10.7213|INFO|Microsoft.AspNetCore.Hosting.Diagnostics|Request finished HTTP/2 GET https://localhost:5000/_framework/aspnetcore-browser-refresh.js - - - 200 12362 application/javascript;+charset=utf-8 2.4250ms
2023-08-18 12:54:10.7213|INFO|Microsoft.AspNetCore.Hosting.Diagnostics|Request finished HTTP/2 GET https://localhost:5000/_vs/browserLink - - - 200 - text/javascript;+charset=UTF-8 6.9285ms
